<?xml version="1.0" encoding="UTF-8"?>
<testsuite xmlns:xsi="http://www.w3.org/2001/XMLSchema-instance" xsi:schemaLocation="https://maven.apache.org/surefire/maven-surefire-plugin/xsd/surefire-test-report.xsd" name="step_definition.TestRunner" time="176.287" tests="78" errors="0" skipped="0" failures="2">
  <properties>
    <property name="java.runtime.name" value="OpenJDK Runtime Environment"/>
    <property name="cucumber.options" value="Features/"/>
    <property name="sun.boot.library.path" value="/usr/lib/jvm/java-8-openjdk-amd64/jre/lib/amd64"/>
    <property name="java.vm.version" value="25.131-b11"/>
    <property name="java.vm.vendor" value="Oracle Corporation"/>
    <property name="maven.multiModuleProjectDirectory" value="/home/medstreaming/ApprovedWorkspace/DS_Assignment"/>
    <property name="java.vendor.url" value="http://java.oracle.com/"/>
    <property name="path.separator" value=":"/>
    <property name="guice.disable.misplaced.annotation.check" value="true"/>
    <property name="java.vm.name" value="OpenJDK 64-Bit Server VM"/>
    <property name="file.encoding.pkg" value="sun.io"/>
    <property name="user.country" value="US"/>
    <property name="sun.java.launcher" value="SUN_STANDARD"/>
    <property name="sun.os.patch.level" value="unknown"/>
    <property name="java.vm.specification.name" value="Java Virtual Machine Specification"/>
    <property name="user.dir" value="/home/medstreaming/ApprovedWorkspace/DS_Assignment"/>
    <property name="java.runtime.version" value="1.8.0_131-8u131-b11-2ubuntu1.16.04.3-b11"/>
    <property name="java.awt.graphicsenv" value="sun.awt.X11GraphicsEnvironment"/>
    <property name="java.endorsed.dirs" value="/usr/lib/jvm/java-8-openjdk-amd64/jre/lib/endorsed"/>
    <property name="os.arch" value="amd64"/>
    <property name="java.io.tmpdir" value="/tmp"/>
    <property name="line.separator" value="&#10;"/>
    <property name="java.vm.specification.vendor" value="Oracle Corporation"/>
    <property name="os.name" value="Linux"/>
    <property name="classworlds.conf" value="/usr/share/maven/bin/m2.conf"/>
    <property name="sun.jnu.encoding" value="UTF-8"/>
    <property name="java.library.path" value="/usr/java/packages/lib/amd64:/usr/lib/x86_64-linux-gnu/jni:/lib/x86_64-linux-gnu:/usr/lib/x86_64-linux-gnu:/usr/lib/jni:/lib:/usr/lib"/>
    <property name="java.specification.name" value="Java Platform API Specification"/>
    <property name="java.class.version" value="52.0"/>
    <property name="sun.management.compiler" value="HotSpot 64-Bit Tiered Compilers"/>
    <property name="os.version" value="4.10.0-35-generic"/>
    <property name="user.home" value="/home/medstreaming"/>
    <property name="user.timezone" value="Africa/Cairo"/>
    <property name="java.awt.printerjob" value="sun.print.PSPrinterJob"/>
    <property name="java.specification.version" value="1.8"/>
    <property name="file.encoding" value="UTF-8"/>
    <property name="user.name" value="medstreaming"/>
    <property name="java.class.path" value="/usr/share/maven/boot/plexus-classworlds-2.x.jar"/>
    <property name="java.vm.specification.version" value="1.8"/>
    <property name="sun.arch.data.model" value="64"/>
    <property name="java.home" value="/usr/lib/jvm/java-8-openjdk-amd64/jre"/>
    <property name="sun.java.command" value="org.codehaus.plexus.classworlds.launcher.Launcher clean test -Dcucumber.options=Features/"/>
    <property name="java.specification.vendor" value="Oracle Corporation"/>
    <property name="user.language" value="en"/>
    <property name="awt.toolkit" value="sun.awt.X11.XToolkit"/>
    <property name="java.vm.info" value="mixed mode"/>
    <property name="java.version" value="1.8.0_131"/>
    <property name="java.ext.dirs" value="/usr/lib/jvm/java-8-openjdk-amd64/jre/lib/ext:/usr/java/packages/lib/ext"/>
    <property name="securerandom.source" value="file:/dev/./urandom"/>
    <property name="sun.boot.class.path" value="/usr/lib/jvm/java-8-openjdk-amd64/jre/lib/resources.jar:/usr/lib/jvm/java-8-openjdk-amd64/jre/lib/rt.jar:/usr/lib/jvm/java-8-openjdk-amd64/jre/lib/sunrsasign.jar:/usr/lib/jvm/java-8-openjdk-amd64/jre/lib/jsse.jar:/usr/lib/jvm/java-8-openjdk-amd64/jre/lib/jce.jar:/usr/lib/jvm/java-8-openjdk-amd64/jre/lib/charsets.jar:/usr/lib/jvm/java-8-openjdk-amd64/jre/lib/jfr.jar:/usr/lib/jvm/java-8-openjdk-amd64/jre/classes"/>
    <property name="java.vendor" value="Oracle Corporation"/>
    <property name="maven.home" value="/usr/share/maven"/>
    <property name="file.separator" value="/"/>
    <property name="java.vendor.url.bug" value="http://bugreport.sun.com/bugreport/"/>
    <property name="sun.cpu.endian" value="little"/>
    <property name="sun.io.unicode.encoding" value="UnicodeLittle"/>
    <property name="sun.desktop" value="gnome"/>
    <property name="sun.cpu.isalist" value=""/>
  </properties>
  <testcase name="Given I open &apos;http://85.93.17.135:9000/&apos;" classname="Scenario: I would​ like​ to​ create new valid user account." time="0.001"/>
  <testcase name="And I want to &apos;delete&apos; all users" classname="Scenario: I would​ like​ to​ create new valid user account." time="0.004"/>
  <testcase name="Given I create an account using the following details:" classname="Scenario: I would​ like​ to​ create new valid user account." time="0.001"/>
  <testcase name="When I click on submit button" classname="Scenario: I would​ like​ to​ create new valid user account." time="0"/>
  <testcase name="Then I should see the user &apos;CucumberUser&apos; is exist" classname="Scenario: I would​ like​ to​ create new valid user account." time="0.001"/>
  <testcase name="Scenario: I would​ like​ to​ create new valid user account." classname="Scenario: I would​ like​ to​ create new valid user account." time="0.75"/>
  <testcase name="Given I open &apos;http://85.93.17.135:9000/&apos;" classname="| CucumberUser | cucumberuseremail@gmail.com | 123 | 123 | Password must be at least 6 chars |" time="0.001"/>
  <testcase name="And I want to &apos;delete&apos; all users" classname="| CucumberUser | cucumberuseremail@gmail.com | 123 | 123 | Password must be at least 6 chars |" time="0"/>
  <testcase name="Given I want to enter name as &apos;CucumberUser&apos;" classname="| CucumberUser | cucumberuseremail@gmail.com | 123 | 123 | Password must be at least 6 chars |" time="0"/>
  <testcase name="And I want to enter email as &apos;cucumberuseremail@gmail.com&apos;" classname="| CucumberUser | cucumberuseremail@gmail.com | 123 | 123 | Password must be at least 6 chars |" time="0"/>
  <testcase name="And I want to enter password as &apos;123&apos;" classname="| CucumberUser | cucumberuseremail@gmail.com | 123 | 123 | Password must be at least 6 chars |" time="0"/>
  <testcase name="And I want to enter confirmation password as &apos;123&apos;" classname="| CucumberUser | cucumberuseremail@gmail.com | 123 | 123 | Password must be at least 6 chars |" time="0"/>
  <testcase name="When I click on submit button" classname="| CucumberUser | cucumberuseremail@gmail.com | 123 | 123 | Password must be at least 6 chars |" time="0"/>
  <testcase name="Then I should see the message &apos;Password must be at least 6 chars&apos;" classname="| CucumberUser | cucumberuseremail@gmail.com | 123 | 123 | Password must be at least 6 chars |" time="0.006">
    <failure type="java.lang.AssertionError">java.lang.AssertionError
</failure>
  </testcase>
  <testcase name="| CucumberUser | cucumberuseremail@gmail.com | 123 | 123 | Password must be at least 6 chars |" classname="| CucumberUser | cucumberuseremail@gmail.com | 123 | 123 | Password must be at least 6 chars |" time="0.006">
    <failure type="java.lang.AssertionError">java.lang.AssertionError
</failure>
  </testcase>
  <testcase name="Given I open &apos;http://85.93.17.135:9000/&apos;" classname="|  | cucumberuseremail@gmail.com | 123456 | 123456 | Required |" time="0"/>
  <testcase name="And I want to &apos;delete&apos; all users" classname="|  | cucumberuseremail@gmail.com | 123456 | 123456 | Required |" time="0.001"/>
  <testcase name="Given I want to enter name as &apos;&apos;" classname="|  | cucumberuseremail@gmail.com | 123456 | 123456 | Required |" time="0.003"/>
  <testcase name="And I want to enter email as &apos;cucumberuseremail@gmail.com&apos;" classname="|  | cucumberuseremail@gmail.com | 123456 | 123456 | Required |" time="0"/>
  <testcase name="And I want to enter password as &apos;123456&apos;" classname="|  | cucumberuseremail@gmail.com | 123456 | 123456 | Required |" time="0"/>
  <testcase name="And I want to enter confirmation password as &apos;123456&apos;" classname="|  | cucumberuseremail@gmail.com | 123456 | 123456 | Required |" time="0"/>
  <testcase name="When I click on submit button" classname="|  | cucumberuseremail@gmail.com | 123456 | 123456 | Required |" time="0"/>
  <testcase name="Then I should see the message &apos;Required&apos;" classname="|  | cucumberuseremail@gmail.com | 123456 | 123456 | Required |" time="0.001"/>
  <testcase name="|  | cucumberuseremail@gmail.com | 123456 | 123456 | Required |" classname="|  | cucumberuseremail@gmail.com | 123456 | 123456 | Required |" time="0.475"/>
  <testcase name="Given I open &apos;http://85.93.17.135:9000/&apos;" classname="| CucumberUser |  | 123456 | 123456 | Required |" time="0"/>
  <testcase name="And I want to &apos;delete&apos; all users" classname="| CucumberUser |  | 123456 | 123456 | Required |" time="0"/>
  <testcase name="Given I want to enter name as &apos;CucumberUser&apos;" classname="| CucumberUser |  | 123456 | 123456 | Required |" time="0"/>
  <testcase name="And I want to enter email as &apos;&apos;" classname="| CucumberUser |  | 123456 | 123456 | Required |" time="0"/>
  <testcase name="And I want to enter password as &apos;123456&apos;" classname="| CucumberUser |  | 123456 | 123456 | Required |" time="0"/>
  <testcase name="And I want to enter confirmation password as &apos;123456&apos;" classname="| CucumberUser |  | 123456 | 123456 | Required |" time="0"/>
  <testcase name="When I click on submit button" classname="| CucumberUser |  | 123456 | 123456 | Required |" time="0"/>
  <testcase name="Then I should see the message &apos;Required&apos;" classname="| CucumberUser |  | 123456 | 123456 | Required |" time="0"/>
  <testcase name="| CucumberUser |  | 123456 | 123456 | Required |" classname="| CucumberUser |  | 123456 | 123456 | Required |" time="0.828"/>
  <testcase name="Given I open &apos;http://85.93.17.135:9000/&apos;" classname="| CucumberUser | cucumberuseremail@gmail.com |  | 123456 | Required |" time="0"/>
  <testcase name="And I want to &apos;delete&apos; all users" classname="| CucumberUser | cucumberuseremail@gmail.com |  | 123456 | Required |" time="0"/>
  <testcase name="Given I want to enter name as &apos;CucumberUser&apos;" classname="| CucumberUser | cucumberuseremail@gmail.com |  | 123456 | Required |" time="0"/>
  <testcase name="And I want to enter email as &apos;cucumberuseremail@gmail.com&apos;" classname="| CucumberUser | cucumberuseremail@gmail.com |  | 123456 | Required |" time="0"/>
  <testcase name="And I want to enter password as &apos;&apos;" classname="| CucumberUser | cucumberuseremail@gmail.com |  | 123456 | Required |" time="0"/>
  <testcase name="And I want to enter confirmation password as &apos;123456&apos;" classname="| CucumberUser | cucumberuseremail@gmail.com |  | 123456 | Required |" time="0"/>
  <testcase name="When I click on submit button" classname="| CucumberUser | cucumberuseremail@gmail.com |  | 123456 | Required |" time="0"/>
  <testcase name="Then I should see the message &apos;Required&apos;" classname="| CucumberUser | cucumberuseremail@gmail.com |  | 123456 | Required |" time="0"/>
  <testcase name="| CucumberUser | cucumberuseremail@gmail.com |  | 123456 | Required |" classname="| CucumberUser | cucumberuseremail@gmail.com |  | 123456 | Required |" time="2.117"/>
  <testcase name="Given I open &apos;http://85.93.17.135:9000/&apos;" classname="| CucumberUser | cucumberuseremail@gmail.com | 123456 |  | passwords are not the same |" time="0.001"/>
  <testcase name="And I want to &apos;delete&apos; all users" classname="| CucumberUser | cucumberuseremail@gmail.com | 123456 |  | passwords are not the same |" time="0"/>
  <testcase name="Given I want to enter name as &apos;CucumberUser&apos;" classname="| CucumberUser | cucumberuseremail@gmail.com | 123456 |  | passwords are not the same |" time="0"/>
  <testcase name="And I want to enter email as &apos;cucumberuseremail@gmail.com&apos;" classname="| CucumberUser | cucumberuseremail@gmail.com | 123456 |  | passwords are not the same |" time="0"/>
  <testcase name="And I want to enter password as &apos;123456&apos;" classname="| CucumberUser | cucumberuseremail@gmail.com | 123456 |  | passwords are not the same |" time="0"/>
  <testcase name="And I want to enter confirmation password as &apos;&apos;" classname="| CucumberUser | cucumberuseremail@gmail.com | 123456 |  | passwords are not the same |" time="0"/>
  <testcase name="When I click on submit button" classname="| CucumberUser | cucumberuseremail@gmail.com | 123456 |  | passwords are not the same |" time="0"/>
  <testcase name="Then I should see the message &apos;passwords are not the same&apos;" classname="| CucumberUser | cucumberuseremail@gmail.com | 123456 |  | passwords are not the same |" time="0"/>
  <testcase name="| CucumberUser | cucumberuseremail@gmail.com | 123456 |  | passwords are not the same |" classname="| CucumberUser | cucumberuseremail@gmail.com | 123456 |  | passwords are not the same |" time="1.03"/>
  <testcase name="Given I open &apos;http://85.93.17.135:9000/&apos;" classname="| CucumberUser | cucumberuseremail@gmail.com | 123456 | 654321 | passwords are not the same |" time="0"/>
  <testcase name="And I want to &apos;delete&apos; all users" classname="| CucumberUser | cucumberuseremail@gmail.com | 123456 | 654321 | passwords are not the same |" time="0"/>
  <testcase name="Given I want to enter name as &apos;CucumberUser&apos;" classname="| CucumberUser | cucumberuseremail@gmail.com | 123456 | 654321 | passwords are not the same |" time="0"/>
  <testcase name="And I want to enter email as &apos;cucumberuseremail@gmail.com&apos;" classname="| CucumberUser | cucumberuseremail@gmail.com | 123456 | 654321 | passwords are not the same |" time="0"/>
  <testcase name="And I want to enter password as &apos;123456&apos;" classname="| CucumberUser | cucumberuseremail@gmail.com | 123456 | 654321 | passwords are not the same |" time="0"/>
  <testcase name="And I want to enter confirmation password as &apos;654321&apos;" classname="| CucumberUser | cucumberuseremail@gmail.com | 123456 | 654321 | passwords are not the same |" time="0"/>
  <testcase name="When I click on submit button" classname="| CucumberUser | cucumberuseremail@gmail.com | 123456 | 654321 | passwords are not the same |" time="0"/>
  <testcase name="Then I should see the message &apos;passwords are not the same&apos;" classname="| CucumberUser | cucumberuseremail@gmail.com | 123456 | 654321 | passwords are not the same |" time="0"/>
  <testcase name="| CucumberUser | cucumberuseremail@gmail.com | 123456 | 654321 | passwords are not the same |" classname="| CucumberUser | cucumberuseremail@gmail.com | 123456 | 654321 | passwords are not the same |" time="0.664"/>
  <testcase name="Given I open &apos;http://85.93.17.135:9000/&apos;" classname="| CucumberUser | cucumberuseremail@gmail | 123456 | 123456 | Invalid email address |" time="0.001"/>
  <testcase name="And I want to &apos;delete&apos; all users" classname="| CucumberUser | cucumberuseremail@gmail | 123456 | 123456 | Invalid email address |" time="0"/>
  <testcase name="Given I want to enter name as &apos;CucumberUser&apos;" classname="| CucumberUser | cucumberuseremail@gmail | 123456 | 123456 | Invalid email address |" time="0"/>
  <testcase name="And I want to enter email as &apos;cucumberuseremail@gmail&apos;" classname="| CucumberUser | cucumberuseremail@gmail | 123456 | 123456 | Invalid email address |" time="0"/>
  <testcase name="And I want to enter password as &apos;123456&apos;" classname="| CucumberUser | cucumberuseremail@gmail | 123456 | 123456 | Invalid email address |" time="0"/>
  <testcase name="And I want to enter confirmation password as &apos;123456&apos;" classname="| CucumberUser | cucumberuseremail@gmail | 123456 | 123456 | Invalid email address |" time="0"/>
  <testcase name="When I click on submit button" classname="| CucumberUser | cucumberuseremail@gmail | 123456 | 123456 | Invalid email address |" time="0"/>
  <testcase name="Then I should see the message &apos;Invalid email address&apos;" classname="| CucumberUser | cucumberuseremail@gmail | 123456 | 123456 | Invalid email address |" time="0.002"/>
  <testcase name="| CucumberUser | cucumberuseremail@gmail | 123456 | 123456 | Invalid email address |" classname="| CucumberUser | cucumberuseremail@gmail | 123456 | 123456 | Invalid email address |" time="0.995"/>
  <testcase name="Given I open &apos;http://85.93.17.135:9000/&apos;" classname="| CucumberUser | cucumberuseremail | 123456 | 123456 | Invalid email address |" time="0.002"/>
  <testcase name="And I want to &apos;delete&apos; all users" classname="| CucumberUser | cucumberuseremail | 123456 | 123456 | Invalid email address |" time="0"/>
  <testcase name="Given I want to enter name as &apos;CucumberUser&apos;" classname="| CucumberUser | cucumberuseremail | 123456 | 123456 | Invalid email address |" time="0"/>
  <testcase name="And I want to enter email as &apos;cucumberuseremail&apos;" classname="| CucumberUser | cucumberuseremail | 123456 | 123456 | Invalid email address |" time="0"/>
  <testcase name="And I want to enter password as &apos;123456&apos;" classname="| CucumberUser | cucumberuseremail | 123456 | 123456 | Invalid email address |" time="0"/>
  <testcase name="And I want to enter confirmation password as &apos;123456&apos;" classname="| CucumberUser | cucumberuseremail | 123456 | 123456 | Invalid email address |" time="0"/>
  <testcase name="When I click on submit button" classname="| CucumberUser | cucumberuseremail | 123456 | 123456 | Invalid email address |" time="0"/>
  <testcase name="Then I should see the message &apos;Invalid email address&apos;" classname="| CucumberUser | cucumberuseremail | 123456 | 123456 | Invalid email address |" time="0"/>
  <testcase name="| CucumberUser | cucumberuseremail | 123456 | 123456 | Invalid email address |" classname="| CucumberUser | cucumberuseremail | 123456 | 123456 | Invalid email address |" time="0.267"/>
</testsuite>